<?xml version="1.0" encoding="UTF-8"?>
<!-- Generated by org.testng.reporters.JUnitXMLReporter -->
<testsuite hostname="DESKTOP-LFJNAE7" name="Test" tests="1" failures="1" timestamp="9 Dec 2019 18:38:57 GMT" time="45.1" errors="0">
  <testcase name="testSearch" time="0.354" classname="scenarios.Scenario2">
    <failure type="java.lang.NullPointerException">
      <![CDATA[java.lang.NullPointerException
	at pages.BasePage.searchProduct(BasePage.java:35)
	at scenarios.Scenario2.testSearch(Scenario2.java:8)
... Removed 24 stack frames]]>
    </failure>
  </testcase> <!-- testSearch -->
</testsuite> <!-- Test -->
