<?xml version="1.0" encoding="UTF-8"?>
<testng-results skipped="0" failed="0" total="1" passed="1">
  <reporter-output>
  </reporter-output>
  <suite name="Suite" duration-ms="26236" started-at="2019-12-09T15:37:51Z" finished-at="2019-12-09T15:38:17Z">
    <groups>
    </groups>
    <test name="Test" duration-ms="26236" started-at="2019-12-09T15:37:51Z" finished-at="2019-12-09T15:38:17Z">
      <class name="scenarios.Scenario1">
        <test-method status="PASS" signature="setup()[pri:0, instance:scenarios.Scenario1@1fbc7afb]" name="setup" is-config="true" duration-ms="23961" started-at="2019-12-09T21:07:51Z" finished-at="2019-12-09T21:08:15Z">
          <reporter-output>
          </reporter-output>
        </test-method> <!-- setup -->
        <test-method status="PASS" signature="menubarClick()[pri:2, instance:scenarios.Scenario1@1fbc7afb]" name="menubarClick" duration-ms="1540" started-at="2019-12-09T21:08:15Z" finished-at="2019-12-09T21:08:17Z">
          <reporter-output>
          </reporter-output>
        </test-method> <!-- menubarClick -->
        <test-method status="PASS" signature="tearDown()[pri:0, instance:scenarios.Scenario1@1fbc7afb]" name="tearDown" is-config="true" duration-ms="718" started-at="2019-12-09T21:08:17Z" finished-at="2019-12-09T21:08:17Z">
          <reporter-output>
          </reporter-output>
        </test-method> <!-- tearDown -->
      </class> <!-- scenarios.Scenario1 -->
    </test> <!-- Test -->
  </suite> <!-- Suite -->
</testng-results>
