<?xml version="1.0" encoding="UTF-8"?>
<testng-results skipped="0" failed="0" total="1" passed="1">
  <reporter-output>
  </reporter-output>
  <suite name="Default suite" duration-ms="17992" started-at="2019-12-17T17:11:02Z" finished-at="2019-12-17T17:11:20Z">
    <groups>
    </groups>
    <test name="Default test" duration-ms="17992" started-at="2019-12-17T17:11:02Z" finished-at="2019-12-17T17:11:20Z">
      <class name="scenarios.Scenario2">
        <test-method status="PASS" signature="setup()[pri:0, instance:scenarios.Scenario2@2c8d66b2]" name="setup" is-config="true" duration-ms="17251" started-at="2019-12-17T22:41:02Z" finished-at="2019-12-17T22:41:19Z">
          <reporter-output>
          </reporter-output>
        </test-method> <!-- setup -->
        <test-method status="PASS" signature="testSearch()[pri:0, instance:scenarios.Scenario2@2c8d66b2]" name="testSearch" duration-ms="8" started-at="2019-12-17T22:41:19Z" finished-at="2019-12-17T22:41:19Z">
          <reporter-output>
          </reporter-output>
        </test-method> <!-- testSearch -->
        <test-method status="PASS" signature="tearDown()[pri:0, instance:scenarios.Scenario2@2c8d66b2]" name="tearDown" is-config="true" duration-ms="716" started-at="2019-12-17T22:41:19Z" finished-at="2019-12-17T22:41:20Z">
          <reporter-output>
          </reporter-output>
        </test-method> <!-- tearDown -->
      </class> <!-- scenarios.Scenario2 -->
    </test> <!-- Default test -->
  </suite> <!-- Default suite -->
</testng-results>
